c:\syd_dev\projects\repos\learn-cherno-cpp\dll2\x64\debug\engine.pdb
c:\syd_dev\projects\repos\learn-cherno-cpp\dll2\x64\debug\engine.idb
c:\syd_dev\projects\repos\learn-cherno-cpp\dll2\engine\x64\debug\engine.obj
c:\syd_dev\projects\repos\learn-cherno-cpp\dll2\x64\debug\engine.lib
c:\syd_dev\projects\repos\learn-cherno-cpp\dll2\engine\x64\debug\engine.ilk
c:\syd_dev\projects\repos\learn-cherno-cpp\dll2\x64\debug\engine.dll
c:\syd_dev\projects\repos\learn-cherno-cpp\make-first-lib\engine\x64\debug\engine.obj
c:\syd_dev\projects\repos\learn-cherno-cpp\make-first-lib\engine\x64\debug\engine.ilk
c:\syd_dev\projects\repos\learn-cherno-cpp\make-first-lib\engine\x64\debug\vc143.idb
c:\syd_dev\projects\repos\learn-cherno-cpp\make-first-lib\engine\x64\debug\vc143.pdb
c:\syd_dev\projects\repos\learn-cherno-cpp\make-first-lib\x64\debug\engine.pdb
c:\syd_dev\projects\repos\learn-cherno-cpp\make-first-lib\x64\debug\engine.lib
c:\syd_dev\projects\repos\learn-cherno-cpp\make-first-lib\engine\x64\debug\engine.tlog\cl.command.1.tlog
c:\syd_dev\projects\repos\learn-cherno-cpp\make-first-lib\engine\x64\debug\engine.tlog\cl.read.1.tlog
c:\syd_dev\projects\repos\learn-cherno-cpp\make-first-lib\engine\x64\debug\engine.tlog\cl.write.1.tlog
c:\syd_dev\projects\repos\learn-cherno-cpp\make-first-lib\engine\x64\debug\engine.tlog\lib-link.read.1.tlog
c:\syd_dev\projects\repos\learn-cherno-cpp\make-first-lib\engine\x64\debug\engine.tlog\lib-link.write.1.tlog
c:\syd_dev\projects\repos\learn-cherno-cpp\make-first-lib\engine\x64\debug\engine.tlog\lib.command.1.tlog
c:\syd_dev\projects\repos\learn-cherno-cpp\make-first-lib\engine\x64\debug\engine.tlog\link.command.1.tlog
c:\syd_dev\projects\repos\learn-cherno-cpp\make-first-lib\engine\x64\debug\engine.tlog\link.read.1.tlog
c:\syd_dev\projects\repos\learn-cherno-cpp\make-first-lib\engine\x64\debug\engine.tlog\link.write.1.tlog
